D:\资料\MYRESEARCH\FLUID_SOURCE_ICE_V3\FLUID_SOURCE_ICE\BIN80\DEBUG\SPH\SPH.PCH
D:\资料\MYRESEARCH\FLUID_SOURCE_ICE_V3\FLUID_SOURCE_ICE\BIN80\DEBUG\SPH\STDAFX.OBJ
D:\资料\MYRESEARCH\FLUID_SOURCE_ICE_V3\FLUID_SOURCE_ICE\BIN80\DEBUG\SPH\VC110.PDB
D:\资料\MYRESEARCH\FLUID_SOURCE_ICE_V3\FLUID_SOURCE_ICE\BIN80\DEBUG\SPH\SPH_MAIN.OBJ
D:\资料\MYRESEARCH\FLUID_SOURCE_ICE_V3\FLUID_SOURCE_ICE\BIN80\DEBUG\SPH_SHADER.CSO
D:\资料\MYRESEARCH\FLUID_SOURCE_ICE_V3\FLUID_SOURCE_ICE\BIN80\DEBUG\SPH.ILK
D:\资料\MYRESEARCH\FLUID_SOURCE_ICE_V3\FLUID_SOURCE_ICE\BIN80\DEBUG\SPH.EXE
D:\资料\MYRESEARCH\FLUID_SOURCE_ICE_V3\FLUID_SOURCE_ICE\BIN80\DEBUG\SPH.PDB
D:\资料\MYRESEARCH\FLUID_SOURCE_ICE_V3\FLUID_SOURCE_ICE\BIN80\DEBUG\SPH\SPH.RES
D:\资料\MyResearch\fluid_source_ice_v3\fluid_source_ice\Bin80\Debug\sph_shader.cso
D:\资料\MyResearch\fluid_source_ice_v3\fluid_source_ice\Bin80\Debug\sph\sph_main.obj
D:\资料\MyResearch\fluid_source_ice_v3\fluid_source_ice\Bin80\Debug\sph\stdafx.obj
D:\资料\MyResearch\fluid_source_ice_v3\fluid_source_ice\Bin80\Debug\sph\cl.command.1.tlog
D:\资料\MyResearch\fluid_source_ice_v3\fluid_source_ice\Bin80\Debug\sph\CL.read.1.tlog
D:\资料\MyResearch\fluid_source_ice_v3\fluid_source_ice\Bin80\Debug\sph\CL.write.1.tlog
D:\资料\MyResearch\fluid_source_ice_v3\fluid_source_ice\Bin80\Debug\sph\FXC.command.1.tlog
D:\资料\MyResearch\fluid_source_ice_v3\fluid_source_ice\Bin80\Debug\sph\fxc.read.1.tlog
D:\资料\MyResearch\fluid_source_ice_v3\fluid_source_ice\Bin80\Debug\sph\fxc.write.1.tlog
D:\资料\MyResearch\fluid_source_ice_v3\fluid_source_ice\Bin80\Debug\sph\link-cvtres.read.1.tlog
D:\资料\MyResearch\fluid_source_ice_v3\fluid_source_ice\Bin80\Debug\sph\link-cvtres.write.1.tlog
D:\资料\MyResearch\fluid_source_ice_v3\fluid_source_ice\Bin80\Debug\sph\link-rc.read.1.tlog
D:\资料\MyResearch\fluid_source_ice_v3\fluid_source_ice\Bin80\Debug\sph\link-rc.write.1.tlog
D:\资料\MyResearch\fluid_source_ice_v3\fluid_source_ice\Bin80\Debug\sph\link.command.1.tlog
D:\资料\MyResearch\fluid_source_ice_v3\fluid_source_ice\Bin80\Debug\sph\link.read.1.tlog
D:\资料\MyResearch\fluid_source_ice_v3\fluid_source_ice\Bin80\Debug\sph\link.write.1.tlog
D:\资料\MyResearch\fluid_source_ice_v3\fluid_source_ice\Bin80\Debug\sph\rc.command.1.tlog
D:\资料\MyResearch\fluid_source_ice_v3\fluid_source_ice\Bin80\Debug\sph\rc.read.1.tlog
D:\资料\MyResearch\fluid_source_ice_v3\fluid_source_ice\Bin80\Debug\sph\rc.write.1.tlog
D:\资料\MyResearch\fluid_source_ice_v3\fluid_source_ice\Bin80\Debug\sph\sph.write.1.tlog
D:\资料\MyResearch\fluid_source_ice_v3\fluid_source_ice\Bin80\Debug\sph\sph.res
D:\资料\MyResearch\fluid_source_ice_v3\fluid_source_ice\Bin80\Debug\sph\sph.pch
D:\资料\MyResearch\fluid_source_ice_v3\fluid_source_ice\Bin80\Debug\sph\vc110.idb
D:\资料\MyResearch\fluid_source_ice_v3\fluid_source_ice\Bin80\Debug\sph\vc110.pdb
D:\资料\MyResearch\fluid_source_ice_v3\fluid_source_ice\Bin80\Debug\sph.pdb
D:\资料\MyResearch\fluid_source_ice_v3\fluid_source_ice\Bin80\Debug\sph.exe
D:\资料\MyResearch\fluid_source_ice_v3\fluid_source_ice\Bin80\Debug\sph.ilk
