D:\资料\MYRESEARCH\FLUID_SOURCE_ICE_V3\FLUID_SOURCE_ICE\BIN80\DEBUG\LIBSPH\LIBSPH.PCH
D:\资料\MYRESEARCH\FLUID_SOURCE_ICE_V3\FLUID_SOURCE_ICE\BIN80\DEBUG\LIBSPH\SPH_STDAFX.OBJ
D:\资料\MYRESEARCH\FLUID_SOURCE_ICE_V3\FLUID_SOURCE_ICE\BIN80\DEBUG\LIBSPH\VC110.PDB
D:\资料\MYRESEARCH\FLUID_SOURCE_ICE_V3\FLUID_SOURCE_ICE\BIN80\DEBUG\LIBSPH\SPH_FLUID_SYSTEM.OBJ
D:\资料\MYRESEARCH\FLUID_SOURCE_ICE_V3\FLUID_SOURCE_ICE\BIN80\DEBUG\LIBSPH\SPH_GRID_CONTAINER.OBJ
D:\资料\MYRESEARCH\FLUID_SOURCE_ICE_V3\FLUID_SOURCE_ICE\BIN80\DEBUG\LIBSPH\SPH_MARCHING_CUBE.OBJ
D:\资料\MYRESEARCH\FLUID_SOURCE_ICE_V3\FLUID_SOURCE_ICE\BIN80\DEBUG\LIBSPH\SPH_NEIGHBOR_TABLE.OBJ
D:\资料\MYRESEARCH\FLUID_SOURCE_ICE_V3\FLUID_SOURCE_ICE\BIN80\DEBUG\LIBSPH\SPH_POINT_BUFFER.OBJ
D:\资料\MyResearch\fluid_source_ice_v3\fluid_source_ice\Bin80\Debug\libsph.lib
D:\资料\MyResearch\fluid_source_ice_v3\fluid_source_ice\Bin80\Debug\libsph.exp
D:\资料\MYRESEARCH\FLUID_SOURCE_ICE_V3\FLUID_SOURCE_ICE\BIN80\DEBUG\LIBSPH.ILK
D:\资料\MYRESEARCH\FLUID_SOURCE_ICE_V3\FLUID_SOURCE_ICE\BIN80\DEBUG\LIBSPH.DLL
D:\资料\MYRESEARCH\FLUID_SOURCE_ICE_V3\FLUID_SOURCE_ICE\BIN80\DEBUG\LIBSPH.PDB
D:\资料\MyResearch\fluid_source_ice_v3\fluid_source_ice\Bin80\Debug\libsph\sph_fluid_system.obj
D:\资料\MyResearch\fluid_source_ice_v3\fluid_source_ice\Bin80\Debug\libsph\sph_grid_container.obj
D:\资料\MyResearch\fluid_source_ice_v3\fluid_source_ice\Bin80\Debug\libsph\sph_marching_cube.obj
D:\资料\MyResearch\fluid_source_ice_v3\fluid_source_ice\Bin80\Debug\libsph\sph_neighbor_table.obj
D:\资料\MyResearch\fluid_source_ice_v3\fluid_source_ice\Bin80\Debug\libsph\sph_point_buffer.obj
D:\资料\MyResearch\fluid_source_ice_v3\fluid_source_ice\Bin80\Debug\libsph\sph_stdafx.obj
D:\资料\MyResearch\fluid_source_ice_v3\fluid_source_ice\Bin80\Debug\libsph\cl.command.1.tlog
D:\资料\MyResearch\fluid_source_ice_v3\fluid_source_ice\Bin80\Debug\libsph\CL.read.1.tlog
D:\资料\MyResearch\fluid_source_ice_v3\fluid_source_ice\Bin80\Debug\libsph\CL.write.1.tlog
D:\资料\MyResearch\fluid_source_ice_v3\fluid_source_ice\Bin80\Debug\libsph\libsph.write.1.tlog
D:\资料\MyResearch\fluid_source_ice_v3\fluid_source_ice\Bin80\Debug\libsph\link-cvtres.read.1.tlog
D:\资料\MyResearch\fluid_source_ice_v3\fluid_source_ice\Bin80\Debug\libsph\link-cvtres.write.1.tlog
D:\资料\MyResearch\fluid_source_ice_v3\fluid_source_ice\Bin80\Debug\libsph\link-rc.read.1.tlog
D:\资料\MyResearch\fluid_source_ice_v3\fluid_source_ice\Bin80\Debug\libsph\link-rc.write.1.tlog
D:\资料\MyResearch\fluid_source_ice_v3\fluid_source_ice\Bin80\Debug\libsph\link.command.1.tlog
D:\资料\MyResearch\fluid_source_ice_v3\fluid_source_ice\Bin80\Debug\libsph\link.read.1.tlog
D:\资料\MyResearch\fluid_source_ice_v3\fluid_source_ice\Bin80\Debug\libsph\link.write.1.tlog
D:\资料\MyResearch\fluid_source_ice_v3\fluid_source_ice\Bin80\Debug\libsph\libsph.pch
D:\资料\MyResearch\fluid_source_ice_v3\fluid_source_ice\Bin80\Debug\libsph\vc110.idb
D:\资料\MyResearch\fluid_source_ice_v3\fluid_source_ice\Bin80\Debug\libsph\vc110.pdb
D:\资料\MyResearch\fluid_source_ice_v3\fluid_source_ice\Bin80\Debug\libsph.pdb
D:\资料\MyResearch\fluid_source_ice_v3\fluid_source_ice\Bin80\Debug\libsph.dll
D:\资料\MyResearch\fluid_source_ice_v3\fluid_source_ice\Bin80\Debug\libsph.ilk
