D:\资料\MYRESEARCH\FLUID_SOURCE_ICE_V3\FLUID_SOURCE_ICE\BIN80\DEBUG\DXUTOPTIONAL\DXUTOPTIONAL.PCH
D:\资料\MYRESEARCH\FLUID_SOURCE_ICE_V3\FLUID_SOURCE_ICE\BIN80\DEBUG\DXUTOPTIONAL\SDKWAVEFILE.OBJ
D:\资料\MYRESEARCH\FLUID_SOURCE_ICE_V3\FLUID_SOURCE_ICE\BIN80\DEBUG\DXUTOPTIONAL\SDKSOUND.OBJ
D:\资料\MYRESEARCH\FLUID_SOURCE_ICE_V3\FLUID_SOURCE_ICE\BIN80\DEBUG\DXUTOPTIONAL\SDKMISC.OBJ
D:\资料\MYRESEARCH\FLUID_SOURCE_ICE_V3\FLUID_SOURCE_ICE\BIN80\DEBUG\DXUTOPTIONAL\SDKMESH.OBJ
D:\资料\MYRESEARCH\FLUID_SOURCE_ICE_V3\FLUID_SOURCE_ICE\BIN80\DEBUG\DXUTOPTIONAL\IMEUI.OBJ
D:\资料\MYRESEARCH\FLUID_SOURCE_ICE_V3\FLUID_SOURCE_ICE\BIN80\DEBUG\DXUTOPTIONAL\DXUTSHAPES.OBJ
D:\资料\MYRESEARCH\FLUID_SOURCE_ICE_V3\FLUID_SOURCE_ICE\BIN80\DEBUG\DXUTOPTIONAL\DXUTSETTINGSDLG.OBJ
D:\资料\MYRESEARCH\FLUID_SOURCE_ICE_V3\FLUID_SOURCE_ICE\BIN80\DEBUG\DXUTOPTIONAL\DXUTRES.OBJ
D:\资料\MYRESEARCH\FLUID_SOURCE_ICE_V3\FLUID_SOURCE_ICE\BIN80\DEBUG\DXUTOPTIONAL\DXUTGUIIME.OBJ
D:\资料\MYRESEARCH\FLUID_SOURCE_ICE_V3\FLUID_SOURCE_ICE\BIN80\DEBUG\DXUTOPTIONAL\DXUTGUI.OBJ
D:\资料\MYRESEARCH\FLUID_SOURCE_ICE_V3\FLUID_SOURCE_ICE\BIN80\DEBUG\DXUTOPTIONAL\DXUTCAMERA.OBJ
D:\资料\MYRESEARCH\FLUID_SOURCE_ICE_V3\FLUID_SOURCE_ICE\BIN80\DEBUG\DXUTOPTIONAL\VC110.PDB
D:\资料\MYRESEARCH\FLUID_SOURCE_ICE_V3\FLUID_SOURCE_ICE\BIN80\DEBUG\DXUTOPT.LIB
D:\资料\MyResearch\fluid_source_ice_v3\fluid_source_ice\Bin80\Debug\DXUTOptional\DXUTcamera.obj
D:\资料\MyResearch\fluid_source_ice_v3\fluid_source_ice\Bin80\Debug\DXUTOptional\DXUTgui.obj
D:\资料\MyResearch\fluid_source_ice_v3\fluid_source_ice\Bin80\Debug\DXUTOptional\DXUTguiIME.obj
D:\资料\MyResearch\fluid_source_ice_v3\fluid_source_ice\Bin80\Debug\DXUTOptional\DXUTres.obj
D:\资料\MyResearch\fluid_source_ice_v3\fluid_source_ice\Bin80\Debug\DXUTOptional\DXUTsettingsdlg.obj
D:\资料\MyResearch\fluid_source_ice_v3\fluid_source_ice\Bin80\Debug\DXUTOptional\DXUTShapes.obj
D:\资料\MyResearch\fluid_source_ice_v3\fluid_source_ice\Bin80\Debug\DXUTOptional\ImeUi.obj
D:\资料\MyResearch\fluid_source_ice_v3\fluid_source_ice\Bin80\Debug\DXUTOptional\SDKmesh.obj
D:\资料\MyResearch\fluid_source_ice_v3\fluid_source_ice\Bin80\Debug\DXUTOptional\SDKmisc.obj
D:\资料\MyResearch\fluid_source_ice_v3\fluid_source_ice\Bin80\Debug\DXUTOptional\SDKsound.obj
D:\资料\MyResearch\fluid_source_ice_v3\fluid_source_ice\Bin80\Debug\DXUTOptional\SDKwavefile.obj
D:\资料\MyResearch\fluid_source_ice_v3\fluid_source_ice\Bin80\Debug\DXUTOptional\cl.command.1.tlog
D:\资料\MyResearch\fluid_source_ice_v3\fluid_source_ice\Bin80\Debug\DXUTOptional\CL.read.1.tlog
D:\资料\MyResearch\fluid_source_ice_v3\fluid_source_ice\Bin80\Debug\DXUTOptional\CL.write.1.tlog
D:\资料\MyResearch\fluid_source_ice_v3\fluid_source_ice\Bin80\Debug\DXUTOptional\Lib-link.read.1.tlog
D:\资料\MyResearch\fluid_source_ice_v3\fluid_source_ice\Bin80\Debug\DXUTOptional\Lib-link.write.1.tlog
D:\资料\MyResearch\fluid_source_ice_v3\fluid_source_ice\Bin80\Debug\DXUTOptional\lib.command.1.tlog
D:\资料\MyResearch\fluid_source_ice_v3\fluid_source_ice\Bin80\Debug\DXUTOptional\DXUTOptional.pch
D:\资料\MyResearch\fluid_source_ice_v3\fluid_source_ice\Bin80\Debug\DXUTOptional\vc110.idb
D:\资料\MyResearch\fluid_source_ice_v3\fluid_source_ice\Bin80\Debug\DXUTOptional\vc110.pdb
